<?xml version="1.0" encoding="UTF-8"?>
<testng-results ignored="0" total="1" passed="1" failed="0" skipped="0">
  <reporter-output>
  </reporter-output>
  <suite started-at="2022-01-17T22:02:05 EST" name="All Test Suite" finished-at="2022-01-17T22:02:10 EST" duration-ms="4926">
    <groups>
    </groups>
    <test started-at="2022-01-17T22:02:05 EST" name="C:/DemoMevenProject" finished-at="2022-01-17T22:02:10 EST" duration-ms="4926">
      <class name="LoginTest">
        <test-method signature="login()[pri:0, instance:LoginTest@60015ef5]" started-at="2022-01-17T22:02:05 EST" name="login" finished-at="2022-01-17T22:02:10 EST" duration-ms="4879" status="PASS">
          <reporter-output>
          </reporter-output>
        </test-method> <!-- login -->
      </class> <!-- LoginTest -->
    </test> <!-- C:/DemoMevenProject -->
  </suite> <!-- All Test Suite -->
</testng-results>
